<?xml version="1.0" encoding="UTF-8"?>
<!-- Generated by org.testng.reporters.JUnitReportReporter -->
<testsuite hostname="osmans-MBP" failures="0" tests="1" name="testcases.BankManagerLoginTest" time="2.986" errors="0" timestamp="2023-06-16T11:37:11 CEST" skipped="0">
  <testcase classname="testcases.BankManagerLoginTest" name="loginButton" time="2.986"/>
</testsuite> <!-- testcases.BankManagerLoginTest -->
