<?xml version="1.0" encoding="UTF-8"?>
<!-- Generated by org.testng.reporters.JUnitReportReporter -->
<testsuite hostname="osmans-MBP" failures="0" tests="1" name="testcases.AddCustomerTest" time="3.805" errors="0" timestamp="2023-06-21T10:14:57 CEST" skipped="0">
  <testcase classname="testcases.AddCustomerTest" name="addCustomer" time="3.805">
    <system-out>
      <![CDATA[[[ChromeDriver: chrome on mac (9ec6c3f15d877f19f4fe8656971e3e12)] -> css selector: button[ng-click='addCust()']]Webelemenet found
[[ChromeDriver: chrome on mac (9ec6c3f15d877f19f4fe8656971e3e12)] -> css selector: button[ng-click='addCust()']] clicked.
Webelemenet found
osman typed.
Webelemenet found
bzd typed.
Webelemenet found
123 typed.
[[ChromeDriver: chrome on mac (9ec6c3f15d877f19f4fe8656971e3e12)] -> css selector: button[class='btn btn-default']]Webelemenet found
[[ChromeDriver: chrome on mac (9ec6c3f15d877f19f4fe8656971e3e12)] -> css selector: button[class='btn btn-default']] clicked.
addCustomersuccessfully executed
<a target="_blank" href="/Users/osmanbozdag/IdeaProjects/DataDrivenProject/src/test/java/screenShotReports/1.png"><p align="left">screenshot </p>
<br>
<img src="System.getProperty("user.dir") + "/src/test/java/screenShotReports/1.png" width =200 height=200></img>
<img src="/Users/osmanbozdag/IdeaProjects/DataDrivenProject/src/test/java/screenShotReports/1.png"width =200 height=200><p align="left"> </p>]]>
    </system-out>
  </testcase> <!-- addCustomer -->
  <system-out>
    <![CDATA[[[ChromeDriver: chrome on mac (9ec6c3f15d877f19f4fe8656971e3e12)] -> xpath: //button[text()='Bank Manager Login']]Webelemenet found
[[ChromeDriver: chrome on mac (9ec6c3f15d877f19f4fe8656971e3e12)] -> xpath: //button[text()='Bank Manager Login']] clicked.
Bank manager login button clicked
loginButtonsuccessfully executed
<a target="_blank" href="/Users/osmanbozdag/IdeaProjects/DataDrivenProject/src/test/java/screenShotReports/1.png"><p align="left">screenshot </p>
<br>
<img src="System.getProperty("user.dir") + "/src/test/java/screenShotReports/1.png" width =200 height=200></img>
<img src="/Users/osmanbozdag/IdeaProjects/DataDrivenProject/src/test/java/screenShotReports/1.png"width =200 height=200><p align="left"> </p>
[[ChromeDriver: chrome on mac (9ec6c3f15d877f19f4fe8656971e3e12)] -> css selector: button[ng-click='addCust()']]Webelemenet found
[[ChromeDriver: chrome on mac (9ec6c3f15d877f19f4fe8656971e3e12)] -> css selector: button[ng-click='addCust()']] clicked.
Webelemenet found
osman typed.
Webelemenet found
bzd typed.
Webelemenet found
123 typed.
[[ChromeDriver: chrome on mac (9ec6c3f15d877f19f4fe8656971e3e12)] -> css selector: button[class='btn btn-default']]Webelemenet found
[[ChromeDriver: chrome on mac (9ec6c3f15d877f19f4fe8656971e3e12)] -> css selector: button[class='btn btn-default']] clicked.
addCustomersuccessfully executed
<a target="_blank" href="/Users/osmanbozdag/IdeaProjects/DataDrivenProject/src/test/java/screenShotReports/1.png"><p align="left">screenshot </p>
<br>
<img src="System.getProperty("user.dir") + "/src/test/java/screenShotReports/1.png" width =200 height=200></img>
<img src="/Users/osmanbozdag/IdeaProjects/DataDrivenProject/src/test/java/screenShotReports/1.png"width =200 height=200><p align="left"> </p>]]>
  </system-out>
</testsuite> <!-- testcases.AddCustomerTest -->
