<?xml version="1.0" encoding="UTF-8"?>
<!-- Generated by org.testng.reporters.JUnitReportReporter -->
<testsuite hostname="osmans-MBP" failures="0" tests="1" name="testcases.LoginTest" time="3.258" errors="0" timestamp="2023-06-15T00:25:16 CEST" skipped="0">
  <testcase classname="testcases.LoginTest" name="loginButton" time="3.258"/>
</testsuite> <!-- testcases.LoginTest -->
