<?xml version="1.0" encoding="UTF-8"?>
<!-- Generated by org.testng.reporters.JUnitReportReporter -->
<testsuite hostname="osmans-MBP" failures="0" tests="1" name="testcases.AddCustomerTest" time="5.419" errors="0" timestamp="2023-06-21T17:12:52 CEST" skipped="0">
  <testcase classname="testcases.AddCustomerTest" name="addCustomer" time="5.419">
    <system-out>
      <![CDATA[[[ChromeDriver: chrome on mac (1c4a3295c18d76b4b6f5662014b07916)] -> css selector: button[ng-click='addCust()']]Webelemenet found
[[ChromeDriver: chrome on mac (1c4a3295c18d76b4b6f5662014b07916)] -> css selector: button[ng-click='addCust()']] clicked.
Webelemenet found
osman typed.
Webelemenet found
bzd typed.
Webelemenet found
123 typed.
[[ChromeDriver: chrome on mac (1c4a3295c18d76b4b6f5662014b07916)] -> css selector: button[class='btn btn-default']]Webelemenet found
[[ChromeDriver: chrome on mac (1c4a3295c18d76b4b6f5662014b07916)] -> css selector: button[class='btn btn-default']] clicked.
<a target="_blank" href="/Users/osmanbozdag/IdeaProjects/DataDrivenProject/src/test/java/screenShots/2023-06-21T17:12:51addCustomer.png"><p align="left">screenshot </p>
<br>
<br>
<img src="/Users/osmanbozdag/IdeaProjects/DataDrivenProject/src/test/java/screenShots/2023-06-21T17:12:51addCustomer.png"width =200 height=200><p align="left"> </p>]]>
    </system-out>
  </testcase> <!-- addCustomer -->
  <system-out>
    <![CDATA[[[ChromeDriver: chrome on mac (1c4a3295c18d76b4b6f5662014b07916)] -> xpath: //button[text()='Bank Manager Login']]Webelemenet found
[[ChromeDriver: chrome on mac (1c4a3295c18d76b4b6f5662014b07916)] -> xpath: //button[text()='Bank Manager Login']] clicked.
Bank manager login button clicked
<a target="_blank" href="/Users/osmanbozdag/IdeaProjects/DataDrivenProject/src/test/java/screenShots/2023-06-21T17:12:43loginButton.png"><p align="left">screenshot </p>
<br>
<br>
<img src="/Users/osmanbozdag/IdeaProjects/DataDrivenProject/src/test/java/screenShots/2023-06-21T17:12:43loginButton.png"width =200 height=200><p align="left"> </p>
[[ChromeDriver: chrome on mac (1c4a3295c18d76b4b6f5662014b07916)] -> css selector: button[ng-click='addCust()']]Webelemenet found
[[ChromeDriver: chrome on mac (1c4a3295c18d76b4b6f5662014b07916)] -> css selector: button[ng-click='addCust()']] clicked.
Webelemenet found
osman typed.
Webelemenet found
bzd typed.
Webelemenet found
123 typed.
[[ChromeDriver: chrome on mac (1c4a3295c18d76b4b6f5662014b07916)] -> css selector: button[class='btn btn-default']]Webelemenet found
[[ChromeDriver: chrome on mac (1c4a3295c18d76b4b6f5662014b07916)] -> css selector: button[class='btn btn-default']] clicked.
<a target="_blank" href="/Users/osmanbozdag/IdeaProjects/DataDrivenProject/src/test/java/screenShots/2023-06-21T17:12:51addCustomer.png"><p align="left">screenshot </p>
<br>
<br>
<img src="/Users/osmanbozdag/IdeaProjects/DataDrivenProject/src/test/java/screenShots/2023-06-21T17:12:51addCustomer.png"width =200 height=200><p align="left"> </p>]]>
  </system-out>
</testsuite> <!-- testcases.AddCustomerTest -->
