<?xml version="1.0" encoding="UTF-8"?>
<!-- Generated by org.testng.reporters.JUnitReportReporter -->
<testsuite hostname="osmans-MBP" failures="0" tests="1" name="testcases.AddCustomerTest" time="12.249" errors="0" timestamp="2023-06-16T13:06:05 CEST" skipped="0">
  <testcase classname="testcases.AddCustomerTest" name="addCustomer" time="12.249"/>
  <system-out>
    <![CDATA[Bank manager login button clicked
login test successfully executed.]]>
  </system-out>
</testsuite> <!-- testcases.AddCustomerTest -->
