<?xml version="1.0" encoding="UTF-8"?>
<!-- Generated by org.testng.reporters.JUnitReportReporter -->
<testsuite hostname="osmans-MBP" failures="0" tests="1" name="testcases.AddCustomerTest" time="10.574" errors="0" timestamp="2023-06-16T11:37:11 CEST" skipped="0">
  <testcase classname="testcases.AddCustomerTest" name="addCustomer" time="10.574"/>
</testsuite> <!-- testcases.AddCustomerTest -->
