<?xml version="1.0" encoding="UTF-8"?>
<!-- Generated by org.testng.reporters.JUnitReportReporter -->
<testsuite hostname="osmans-MBP" failures="0" tests="1" name="testcases.LoginTest" time="7.521" errors="0" timestamp="2023-06-15T09:32:32 CEST" skipped="0">
  <testcase classname="testcases.LoginTest" name="loginButton" time="7.521"/>
</testsuite> <!-- testcases.LoginTest -->
