<?xml version="1.0" encoding="UTF-8"?>
<!-- Generated by org.testng.reporters.JUnitReportReporter -->
<testsuite hostname="osmans-MBP" failures="0" tests="1" name="testcases.AddCustomerTest" time="3.032" errors="0" timestamp="2023-06-19T10:40:04 CEST" skipped="0">
  <testcase classname="testcases.AddCustomerTest" name="addCustomer" time="3.032">
    <system-out>
      <![CDATA[[[ChromeDriver: chrome on mac (d0e59c1cbddccb2fb0dc4f5669f5abc7)] -> css selector: button[ng-click='addCust()']]Webelemenet found
[[ChromeDriver: chrome on mac (d0e59c1cbddccb2fb0dc4f5669f5abc7)] -> css selector: button[ng-click='addCust()']] clicked.
Webelemenet found
osman typed.
Webelemenet found
bzd typed.
Webelemenet found
123 typed.
[[ChromeDriver: chrome on mac (d0e59c1cbddccb2fb0dc4f5669f5abc7)] -> css selector: button[class='btn btn-default']]Webelemenet found
[[ChromeDriver: chrome on mac (d0e59c1cbddccb2fb0dc4f5669f5abc7)] -> css selector: button[class='btn btn-default']] clicked.]]>
    </system-out>
  </testcase> <!-- addCustomer -->
  <system-out>
    <![CDATA[[[ChromeDriver: chrome on mac (d0e59c1cbddccb2fb0dc4f5669f5abc7)] -> xpath: //button[text()='Bank Manager Login']]Webelemenet found
[[ChromeDriver: chrome on mac (d0e59c1cbddccb2fb0dc4f5669f5abc7)] -> xpath: //button[text()='Bank Manager Login']] clicked.
Bank manager login button clicked
[[ChromeDriver: chrome on mac (d0e59c1cbddccb2fb0dc4f5669f5abc7)] -> css selector: button[ng-click='addCust()']]Webelemenet found
[[ChromeDriver: chrome on mac (d0e59c1cbddccb2fb0dc4f5669f5abc7)] -> css selector: button[ng-click='addCust()']] clicked.
Webelemenet found
osman typed.
Webelemenet found
bzd typed.
Webelemenet found
123 typed.
[[ChromeDriver: chrome on mac (d0e59c1cbddccb2fb0dc4f5669f5abc7)] -> css selector: button[class='btn btn-default']]Webelemenet found
[[ChromeDriver: chrome on mac (d0e59c1cbddccb2fb0dc4f5669f5abc7)] -> css selector: button[class='btn btn-default']] clicked.]]>
  </system-out>
</testsuite> <!-- testcases.AddCustomerTest -->
