<?xml version="1.0" encoding="UTF-8"?>
<!-- Generated by org.testng.reporters.JUnitReportReporter -->
<testsuite hostname="osmans-MBP" failures="0" tests="1" name="testcases.BankManagerLoginTest" time="19.565" errors="0" timestamp="2023-06-23T12:43:38 CEST" skipped="0">
  <testcase classname="testcases.BankManagerLoginTest" name="loginButton" time="19.565">
    <system-out>
      <![CDATA[<a target="_blank" href="/Users/osmanbozdag/IdeaProjects/DataDrivenProject/src/test/java/screenShots/2023-06-23T12:43:12BankManagerLoginTest.png"><p align="left">screenshot </p>
<br>Verification failure<br>expected [ab] but found [abc]<br>
<img src="/Users/osmanbozdag/IdeaProjects/DataDrivenProject/src/test/java/screenShots/2023-06-23T12:43:12BankManagerLoginTest.png"width =200 height=200><p align="left"> </p>
[[ChromeDriver: chrome on mac (b36dc3854d87cbee7f3f55d53a66acdf)] -> xpath: //button[text()='Bank Manager Login']]Web elemenet found
[[ChromeDriver: chrome on mac (b36dc3854d87cbee7f3f55d53a66acdf)] -> xpath: //button[text()='Bank Manager Login']] clicked.
Bank manager login button clicked
<a target="_blank" href="/Users/osmanbozdag/IdeaProjects/DataDrivenProject/src/test/java/screenShots/2023-06-23T12:43:31loginButton.png"><p align="left">screenshot </p>
<br>
<br>
<img src="/Users/osmanbozdag/IdeaProjects/DataDrivenProject/src/test/java/screenShots/2023-06-23T12:43:31loginButton.png"width =200 height=200><p align="left"> </p>]]>
    </system-out>
  </testcase> <!-- loginButton -->
  <system-out>
    <![CDATA[<a target="_blank" href="/Users/osmanbozdag/IdeaProjects/DataDrivenProject/src/test/java/screenShots/2023-06-23T12:43:12BankManagerLoginTest.png"><p align="left">screenshot </p>
<br>Verification failure<br>expected [ab] but found [abc]<br>
<img src="/Users/osmanbozdag/IdeaProjects/DataDrivenProject/src/test/java/screenShots/2023-06-23T12:43:12BankManagerLoginTest.png"width =200 height=200><p align="left"> </p>
[[ChromeDriver: chrome on mac (b36dc3854d87cbee7f3f55d53a66acdf)] -> xpath: //button[text()='Bank Manager Login']]Web elemenet found
[[ChromeDriver: chrome on mac (b36dc3854d87cbee7f3f55d53a66acdf)] -> xpath: //button[text()='Bank Manager Login']] clicked.
Bank manager login button clicked
<a target="_blank" href="/Users/osmanbozdag/IdeaProjects/DataDrivenProject/src/test/java/screenShots/2023-06-23T12:43:31loginButton.png"><p align="left">screenshot </p>
<br>
<br>
<img src="/Users/osmanbozdag/IdeaProjects/DataDrivenProject/src/test/java/screenShots/2023-06-23T12:43:31loginButton.png"width =200 height=200><p align="left"> </p>
[[ChromeDriver: chrome on mac (b36dc3854d87cbee7f3f55d53a66acdf)] -> css selector: button[ng-click='addCust()']]Web elemenet found
[[ChromeDriver: chrome on mac (b36dc3854d87cbee7f3f55d53a66acdf)] -> css selector: button[ng-click='addCust()']] clicked.
Web elemenet found
ali typed.
Web elemenet found
kaya typed.
Web elemenet found
123 typed.
[[ChromeDriver: chrome on mac (b36dc3854d87cbee7f3f55d53a66acdf)] -> css selector: button[class='btn btn-default']]Web elemenet found
[[ChromeDriver: chrome on mac (b36dc3854d87cbee7f3f55d53a66acdf)] -> css selector: button[class='btn btn-default']] clicked.
<a target="_blank" href="/Users/osmanbozdag/IdeaProjects/DataDrivenProject/src/test/java/screenShots/2023-06-23T12:43:35addCustomer.png"><p align="left">screenshot </p>
<br>
<br>
<img src="/Users/osmanbozdag/IdeaProjects/DataDrivenProject/src/test/java/screenShots/2023-06-23T12:43:35addCustomer.png"width =200 height=200><p align="left"> </p>
[[ChromeDriver: chrome on mac (b36dc3854d87cbee7f3f55d53a66acdf)] -> css selector: button[ng-click='openAccount()']]Web elemenet found
[[ChromeDriver: chrome on mac (b36dc3854d87cbee7f3f55d53a66acdf)] -> css selector: button[ng-click='openAccount()']] clicked.
Dropdown found
ali kaya selected.
Dropdown found
Dollar selected.
[[ChromeDriver: chrome on mac (b36dc3854d87cbee7f3f55d53a66acdf)] -> css selector: button[type='submit']]Web elemenet found
[[ChromeDriver: chrome on mac (b36dc3854d87cbee7f3f55d53a66acdf)] -> css selector: button[type='submit']] clicked.
<a target="_blank" href="/Users/osmanbozdag/IdeaProjects/DataDrivenProject/src/test/java/screenShots/2023-06-23T12:43:37openAccount.png"><p align="left">screenshot </p>
<br>
<br>
<img src="/Users/osmanbozdag/IdeaProjects/DataDrivenProject/src/test/java/screenShots/2023-06-23T12:43:37openAccount.png"width =200 height=200><p align="left"> </p>]]>
  </system-out>
</testsuite> <!-- testcases.BankManagerLoginTest -->
