<?xml version="1.0" encoding="UTF-8"?>
<!-- Generated by org.testng.reporters.JUnitReportReporter -->
<testsuite hostname="osmans-MBP" failures="0" tests="1" name="testcases.OpenAccountTest" time="1.594" errors="0" timestamp="2023-06-22T23:47:17 CEST" skipped="0">
  <testcase classname="testcases.OpenAccountTest" name="openAccount" time="1.594">
    <system-out>
      <![CDATA[[[ChromeDriver: chrome on mac (b4de8faa9c0dfdf060d345a1ad808816)] -> css selector: button[ng-click='openAccount()']]Web elemenet found
[[ChromeDriver: chrome on mac (b4de8faa9c0dfdf060d345a1ad808816)] -> css selector: button[ng-click='openAccount()']] clicked.
Dropdown found
ali kaya selected.
Dropdown found
Dollar selected.
[[ChromeDriver: chrome on mac (b4de8faa9c0dfdf060d345a1ad808816)] -> css selector: button[type='submit']]Web elemenet found
[[ChromeDriver: chrome on mac (b4de8faa9c0dfdf060d345a1ad808816)] -> css selector: button[type='submit']] clicked.
<a target="_blank" href="/Users/osmanbozdag/IdeaProjects/DataDrivenProject/src/test/java/screenShots/2023-06-22T23:47:16openAccount.png"><p align="left">screenshot </p>
<br>
<br>
<img src="/Users/osmanbozdag/IdeaProjects/DataDrivenProject/src/test/java/screenShots/2023-06-22T23:47:16openAccount.png"width =200 height=200><p align="left"> </p>]]>
    </system-out>
  </testcase> <!-- openAccount -->
  <system-out>
    <![CDATA[<a target="_blank" href="/Users/osmanbozdag/IdeaProjects/DataDrivenProject/src/test/java/screenShots/2023-06-22T23:46:57BankManagerLoginTest.png"><p align="left">screenshot </p>
<br>Verification failure<br>expected [ab] but found [abc]<br>
<img src="/Users/osmanbozdag/IdeaProjects/DataDrivenProject/src/test/java/screenShots/2023-06-22T23:46:57BankManagerLoginTest.png"width =200 height=200><p align="left"> </p>
[[ChromeDriver: chrome on mac (b4de8faa9c0dfdf060d345a1ad808816)] -> xpath: //button[text()='Bank Manager Login']]Web elemenet found
[[ChromeDriver: chrome on mac (b4de8faa9c0dfdf060d345a1ad808816)] -> xpath: //button[text()='Bank Manager Login']] clicked.
Bank manager login button clicked
<a target="_blank" href="/Users/osmanbozdag/IdeaProjects/DataDrivenProject/src/test/java/screenShots/2023-06-22T23:47:09loginButton.png"><p align="left">screenshot </p>
<br>
<br>
<img src="/Users/osmanbozdag/IdeaProjects/DataDrivenProject/src/test/java/screenShots/2023-06-22T23:47:09loginButton.png"width =200 height=200><p align="left"> </p>
[[ChromeDriver: chrome on mac (b4de8faa9c0dfdf060d345a1ad808816)] -> css selector: button[ng-click='addCust()']]Web elemenet found
[[ChromeDriver: chrome on mac (b4de8faa9c0dfdf060d345a1ad808816)] -> css selector: button[ng-click='addCust()']] clicked.
Web elemenet found
ali typed.
Web elemenet found
kaya typed.
Web elemenet found
123 typed.
[[ChromeDriver: chrome on mac (b4de8faa9c0dfdf060d345a1ad808816)] -> css selector: button[class='btn btn-default']]Web elemenet found
[[ChromeDriver: chrome on mac (b4de8faa9c0dfdf060d345a1ad808816)] -> css selector: button[class='btn btn-default']] clicked.
<a target="_blank" href="/Users/osmanbozdag/IdeaProjects/DataDrivenProject/src/test/java/screenShots/2023-06-22T23:47:14addCustomer.png"><p align="left">screenshot </p>
<br>
<br>
<img src="/Users/osmanbozdag/IdeaProjects/DataDrivenProject/src/test/java/screenShots/2023-06-22T23:47:14addCustomer.png"width =200 height=200><p align="left"> </p>
[[ChromeDriver: chrome on mac (b4de8faa9c0dfdf060d345a1ad808816)] -> css selector: button[ng-click='openAccount()']]Web elemenet found
[[ChromeDriver: chrome on mac (b4de8faa9c0dfdf060d345a1ad808816)] -> css selector: button[ng-click='openAccount()']] clicked.
Dropdown found
ali kaya selected.
Dropdown found
Dollar selected.
[[ChromeDriver: chrome on mac (b4de8faa9c0dfdf060d345a1ad808816)] -> css selector: button[type='submit']]Web elemenet found
[[ChromeDriver: chrome on mac (b4de8faa9c0dfdf060d345a1ad808816)] -> css selector: button[type='submit']] clicked.
<a target="_blank" href="/Users/osmanbozdag/IdeaProjects/DataDrivenProject/src/test/java/screenShots/2023-06-22T23:47:16openAccount.png"><p align="left">screenshot </p>
<br>
<br>
<img src="/Users/osmanbozdag/IdeaProjects/DataDrivenProject/src/test/java/screenShots/2023-06-22T23:47:16openAccount.png"width =200 height=200><p align="left"> </p>]]>
  </system-out>
</testsuite> <!-- testcases.OpenAccountTest -->
