<?xml version="1.0" encoding="UTF-8"?>
<!-- Generated by org.testng.reporters.JUnitReportReporter -->
<testsuite hostname="osmans-MBP" failures="0" tests="1" name="testcases.BankManagerLoginTest" time="12.273" errors="0" timestamp="2023-06-21T13:02:17 CEST" skipped="0">
  <testcase classname="testcases.BankManagerLoginTest" name="loginButton" time="12.273">
    <system-out>
      <![CDATA[[[ChromeDriver: chrome on mac (5b389bf3ca159f1f5e7b02ddee6bc8bd)] -> xpath: //button[text()='Bank Manager Login']]Webelemenet found
[[ChromeDriver: chrome on mac (5b389bf3ca159f1f5e7b02ddee6bc8bd)] -> xpath: //button[text()='Bank Manager Login']] clicked.
Bank manager login button clicked
<a target="_blank" href="/Users/osmanbozdag/IdeaProjects/DataDrivenProject/src/test/java/screenShots/2023-06-21T13:02:12loginButton.png"><p align="left">screenshot </p>
<br>
<img src="/Users/osmanbozdag/IdeaProjects/DataDrivenProject/src/test/java/screenShots/2023-06-21T13:02:12loginButton.png"width =200 height=200><p align="left"> </p>]]>
    </system-out>
  </testcase> <!-- loginButton -->
  <system-out>
    <![CDATA[[[ChromeDriver: chrome on mac (5b389bf3ca159f1f5e7b02ddee6bc8bd)] -> xpath: //button[text()='Bank Manager Login']]Webelemenet found
[[ChromeDriver: chrome on mac (5b389bf3ca159f1f5e7b02ddee6bc8bd)] -> xpath: //button[text()='Bank Manager Login']] clicked.
Bank manager login button clicked
<a target="_blank" href="/Users/osmanbozdag/IdeaProjects/DataDrivenProject/src/test/java/screenShots/2023-06-21T13:02:12loginButton.png"><p align="left">screenshot </p>
<br>
<img src="/Users/osmanbozdag/IdeaProjects/DataDrivenProject/src/test/java/screenShots/2023-06-21T13:02:12loginButton.png"width =200 height=200><p align="left"> </p>
[[ChromeDriver: chrome on mac (5b389bf3ca159f1f5e7b02ddee6bc8bd)] -> css selector: button[ng-click='addCust()']]Webelemenet found
[[ChromeDriver: chrome on mac (5b389bf3ca159f1f5e7b02ddee6bc8bd)] -> css selector: button[ng-click='addCust()']] clicked.
Webelemenet found
osman typed.
Webelemenet found
bzd typed.
Webelemenet found
123 typed.
[[ChromeDriver: chrome on mac (5b389bf3ca159f1f5e7b02ddee6bc8bd)] -> css selector: button[class='btn btn-default']]Webelemenet found
[[ChromeDriver: chrome on mac (5b389bf3ca159f1f5e7b02ddee6bc8bd)] -> css selector: button[class='btn btn-default']] clicked.
<a target="_blank" href="/Users/osmanbozdag/IdeaProjects/DataDrivenProject/src/test/java/screenShots/2023-06-21T13:02:16addCustomer.png"><p align="left">screenshot </p>
<br>
<img src="/Users/osmanbozdag/IdeaProjects/DataDrivenProject/src/test/java/screenShots/2023-06-21T13:02:16addCustomer.png"width =200 height=200><p align="left"> </p>]]>
  </system-out>
</testsuite> <!-- testcases.BankManagerLoginTest -->
