<?xml version="1.0" encoding="UTF-8"?>
<!-- Generated by org.testng.reporters.JUnitReportReporter -->
<testsuite hostname="osmans-MBP" failures="0" tests="1" name="testcases.BankManagerLoginTest" time="1.545" errors="0" timestamp="2023-07-07T18:36:28 CEST" skipped="0">
  <testcase classname="testcases.BankManagerLoginTest" name="loginButton" time="1.545">
    <system-out>
      <![CDATA[<a target="_blank" href="/Users/osmanbozdag/IdeaProjects/DataDrivenProject/src/test/java/screenShots/2023-07-07T18:36:20BankManagerLoginTest.png"><p align="left">screenshot </p>
<br>Verification failure<br>expected [ab] but found [abc]<br>
<img src="/Users/osmanbozdag/IdeaProjects/DataDrivenProject/src/test/java/screenShots/2023-07-07T18:36:20BankManagerLoginTest.png"width =200 height=200><p align="left"> </p>
[[FirefoxDriver: firefox on mac (17b95867-6109-4c58-acdf-886eb2d52dd5)] -> xpath: //button[text()='Bank Manager Login']]Web elemenet found
[[FirefoxDriver: firefox on mac (17b95867-6109-4c58-acdf-886eb2d52dd5)] -> xpath: //button[text()='Bank Manager Login']] clicked.
Bank manager login button clicked
<a target="_blank" href="/Users/osmanbozdag/IdeaProjects/DataDrivenProject/src/test/java/screenShots/2023-07-07T18:36:22loginButton.png"><p align="left">screenshot </p>
<br>
<br>
<img src="/Users/osmanbozdag/IdeaProjects/DataDrivenProject/src/test/java/screenShots/2023-07-07T18:36:22loginButton.png"width =200 height=200><p align="left"> </p>]]>
    </system-out>
  </testcase> <!-- loginButton -->
  <system-out>
    <![CDATA[<a target="_blank" href="/Users/osmanbozdag/IdeaProjects/DataDrivenProject/src/test/java/screenShots/2023-07-07T18:36:20BankManagerLoginTest.png"><p align="left">screenshot </p>
<br>Verification failure<br>expected [ab] but found [abc]<br>
<img src="/Users/osmanbozdag/IdeaProjects/DataDrivenProject/src/test/java/screenShots/2023-07-07T18:36:20BankManagerLoginTest.png"width =200 height=200><p align="left"> </p>
[[FirefoxDriver: firefox on mac (17b95867-6109-4c58-acdf-886eb2d52dd5)] -> xpath: //button[text()='Bank Manager Login']]Web elemenet found
[[FirefoxDriver: firefox on mac (17b95867-6109-4c58-acdf-886eb2d52dd5)] -> xpath: //button[text()='Bank Manager Login']] clicked.
Bank manager login button clicked
<a target="_blank" href="/Users/osmanbozdag/IdeaProjects/DataDrivenProject/src/test/java/screenShots/2023-07-07T18:36:22loginButton.png"><p align="left">screenshot </p>
<br>
<br>
<img src="/Users/osmanbozdag/IdeaProjects/DataDrivenProject/src/test/java/screenShots/2023-07-07T18:36:22loginButton.png"width =200 height=200><p align="left"> </p>
[[FirefoxDriver: firefox on mac (17b95867-6109-4c58-acdf-886eb2d52dd5)] -> css selector: button[ng-click='addCust()']]Web elemenet found
[[FirefoxDriver: firefox on mac (17b95867-6109-4c58-acdf-886eb2d52dd5)] -> css selector: button[ng-click='addCust()']] clicked.
Web elemenet found
ali typed.
Web elemenet found
kaya typed.
Web elemenet found
123 typed.
[[FirefoxDriver: firefox on mac (17b95867-6109-4c58-acdf-886eb2d52dd5)] -> css selector: button[class='btn btn-default']]Web elemenet found
[[FirefoxDriver: firefox on mac (17b95867-6109-4c58-acdf-886eb2d52dd5)] -> css selector: button[class='btn btn-default']] clicked.
<a target="_blank" href="/Users/osmanbozdag/IdeaProjects/DataDrivenProject/src/test/java/screenShots/2023-07-07T18:36:24addCustomer.png"><p align="left">screenshot </p>
<br>
<br>
<img src="/Users/osmanbozdag/IdeaProjects/DataDrivenProject/src/test/java/screenShots/2023-07-07T18:36:24addCustomer.png"width =200 height=200><p align="left"> </p>
[[FirefoxDriver: firefox on mac (17b95867-6109-4c58-acdf-886eb2d52dd5)] -> css selector: button[ng-click='openAccount()']]Web elemenet found
[[FirefoxDriver: firefox on mac (17b95867-6109-4c58-acdf-886eb2d52dd5)] -> css selector: button[ng-click='openAccount()']] clicked.
Dropdown found
ali kaya selected.
Dropdown found
Dollar selected.
[[FirefoxDriver: firefox on mac (17b95867-6109-4c58-acdf-886eb2d52dd5)] -> css selector: button[type='submit']]Web elemenet found
[[FirefoxDriver: firefox on mac (17b95867-6109-4c58-acdf-886eb2d52dd5)] -> css selector: button[type='submit']] clicked.
<a target="_blank" href="/Users/osmanbozdag/IdeaProjects/DataDrivenProject/src/test/java/screenShots/2023-07-07T18:36:26openAccount.png"><p align="left">screenshot </p>
<br>
<br>
<img src="/Users/osmanbozdag/IdeaProjects/DataDrivenProject/src/test/java/screenShots/2023-07-07T18:36:26openAccount.png"width =200 height=200><p align="left"> </p>]]>
  </system-out>
</testsuite> <!-- testcases.BankManagerLoginTest -->
